Timing Analyzer report for JK_8421
Mon Dec  2 17:34:47 2024
Quartus Prime Version 23.1std.1 Build 993 05/14/2024 SC Lite Edition


---------------------
; Table of Contents ;
---------------------
  1. Legal Notice
  2. Timing Analyzer Summary
  3. Parallel Compilation
  4. Clocks
  5. Slow 1200mV 100C Model Fmax Summary
  6. Slow 1200mV 100C Model Setup Summary
  7. Slow 1200mV 100C Model Hold Summary
  8. Slow 1200mV 100C Model Recovery Summary
  9. Slow 1200mV 100C Model Removal Summary
 10. Slow 1200mV 100C Model Minimum Pulse Width Summary
 11. Slow 1200mV 100C Model Metastability Summary
 12. Slow 1200mV -40C Model Fmax Summary
 13. Slow 1200mV -40C Model Setup Summary
 14. Slow 1200mV -40C Model Hold Summary
 15. Slow 1200mV -40C Model Recovery Summary
 16. Slow 1200mV -40C Model Removal Summary
 17. Slow 1200mV -40C Model Minimum Pulse Width Summary
 18. Slow 1200mV -40C Model Metastability Summary
 19. Fast 1200mV -40C Model Setup Summary
 20. Fast 1200mV -40C Model Hold Summary
 21. Fast 1200mV -40C Model Recovery Summary
 22. Fast 1200mV -40C Model Removal Summary
 23. Fast 1200mV -40C Model Minimum Pulse Width Summary
 24. Fast 1200mV -40C Model Metastability Summary
 25. Multicorner Timing Analysis Summary
 26. Board Trace Model Assignments
 27. Input Transition Times
 28. Signal Integrity Metrics (Slow 1200mv n40c Model)
 29. Signal Integrity Metrics (Slow 1200mv 100c Model)
 30. Signal Integrity Metrics (Fast 1200mv n40c Model)
 31. Setup Transfers
 32. Hold Transfers
 33. Recovery Transfers
 34. Removal Transfers
 35. Report TCCS
 36. Report RSKM
 37. Unconstrained Paths Summary
 38. Clock Status Summary
 39. Unconstrained Input Ports
 40. Unconstrained Output Ports
 41. Unconstrained Input Ports
 42. Unconstrained Output Ports
 43. Timing Analyzer Messages



----------------
; Legal Notice ;
----------------
Copyright (C) 2024  Intel Corporation. All rights reserved.
Your use of Intel Corporation's design tools, logic functions 
and other software and tools, and any partner logic 
functions, and any output files from any of the foregoing 
(including device programming or simulation files), and any 
associated documentation or information are expressly subject 
to the terms and conditions of the Intel Program License 
Subscription Agreement, the Intel Quartus Prime License Agreement,
the Intel FPGA IP License Agreement, or other applicable license
agreement, including, without limitation, that your use is for
the sole purpose of programming logic devices manufactured by
Intel and sold by Intel or its authorized distributors.  Please
refer to the applicable agreement for further details, at
https://fpgasoftware.intel.com/eula.



+--------------------------------------------------------------------------------+
; Timing Analyzer Summary                                                        ;
+-----------------------+--------------------------------------------------------+
; Quartus Prime Version ; Version 23.1std.1 Build 993 05/14/2024 SC Lite Edition ;
; Timing Analyzer       ; Legacy Timing Analyzer                                 ;
; Revision Name         ; JK_8421                                                ;
; Device Family         ; MAX 10                                                 ;
; Device Name           ; 10M02SCM153I7G                                         ;
; Timing Models         ; Final                                                  ;
; Delay Model           ; Combined                                               ;
; Rise/Fall Delays      ; Enabled                                                ;
+-----------------------+--------------------------------------------------------+


+------------------------------------------+
; Parallel Compilation                     ;
+----------------------------+-------------+
; Processors                 ; Number      ;
+----------------------------+-------------+
; Number detected on machine ; 32          ;
; Maximum allowed            ; 16          ;
;                            ;             ;
; Average used               ; 1.09        ;
; Maximum used               ; 16          ;
;                            ;             ;
; Usage by Processor         ; % Time Used ;
;     Processor 1            ; 100.0%      ;
;     Processor 2            ;   0.6%      ;
;     Processors 3-16        ;   0.6%      ;
+----------------------------+-------------+


+--------------------------------------------------------------------------------------------------------------------------------------------------------------------------------------------------------------------------------+
; Clocks                                                                                                                                                                                                                         ;
+--------------------------------+------+--------+------------+-------+-------+------------+-----------+-------------+-------+--------+-----------+------------+----------+--------+--------+------------------------------------+
; Clock Name                     ; Type ; Period ; Frequency  ; Rise  ; Fall  ; Duty Cycle ; Divide by ; Multiply by ; Phase ; Offset ; Edge List ; Edge Shift ; Inverted ; Master ; Source ; Targets                            ;
+--------------------------------+------+--------+------------+-------+-------+------------+-----------+-------------+-------+--------+-----------+------------+----------+--------+--------+------------------------------------+
; clk                            ; Base ; 1.000  ; 1000.0 MHz ; 0.000 ; 0.500 ;            ;           ;             ;       ;        ;           ;            ;          ;        ;        ; { clk }                            ;
; debounce:debounce_1|key_sec[0] ; Base ; 1.000  ; 1000.0 MHz ; 0.000 ; 0.500 ;            ;           ;             ;       ;        ;           ;            ;          ;        ;        ; { debounce:debounce_1|key_sec[0] } ;
; rst                            ; Base ; 1.000  ; 1000.0 MHz ; 0.000 ; 0.500 ;            ;           ;             ;       ;        ;           ;            ;          ;        ;        ; { rst }                            ;
+--------------------------------+------+--------+------------+-------+-------+------------+-----------+-------------+-------+--------+-----------+------------+----------+--------+--------+------------------------------------+


+----------------------------------------------------------------------------------------------------------------+
; Slow 1200mV 100C Model Fmax Summary                                                                            ;
+------------+-----------------+--------------------------------+------------------------------------------------+
; Fmax       ; Restricted Fmax ; Clock Name                     ; Note                                           ;
+------------+-----------------+--------------------------------+------------------------------------------------+
; 179.21 MHz ; 179.21 MHz      ; rst                            ;                                                ;
; 248.39 MHz ; 248.39 MHz      ; clk                            ;                                                ;
; 537.35 MHz ; 416.15 MHz      ; debounce:debounce_1|key_sec[0] ; limit due to minimum period restriction (tmin) ;
+------------+-----------------+--------------------------------+------------------------------------------------+
This panel reports FMAX for every clock in the design, regardless of the user-specified clock periods.  FMAX is only computed for paths where the source and destination registers or ports are driven by the same clock.  Paths of different clocks, including generated clocks, are ignored.  For paths between a clock and its inversion, FMAX is computed as if the rising and falling edges are scaled along with FMAX, such that the duty cycle (in terms of a percentage) is maintained. Altera recommends that you always use clock constraints and other slack reports for sign-off analysis.


+---------------------------------------------------------+
; Slow 1200mV 100C Model Setup Summary                    ;
+--------------------------------+--------+---------------+
; Clock                          ; Slack  ; End Point TNS ;
+--------------------------------+--------+---------------+
; rst                            ; -4.580 ; -10.469       ;
; clk                            ; -3.026 ; -38.863       ;
; debounce:debounce_1|key_sec[0] ; -1.613 ; -1.613        ;
+--------------------------------+--------+---------------+


+---------------------------------------------------------+
; Slow 1200mV 100C Model Hold Summary                     ;
+--------------------------------+--------+---------------+
; Clock                          ; Slack  ; End Point TNS ;
+--------------------------------+--------+---------------+
; rst                            ; -0.835 ; -1.742        ;
; clk                            ; 0.423  ; 0.000         ;
; debounce:debounce_1|key_sec[0] ; 0.719  ; 0.000         ;
+--------------------------------+--------+---------------+


+---------------------------------------------------------+
; Slow 1200mV 100C Model Recovery Summary                 ;
+--------------------------------+--------+---------------+
; Clock                          ; Slack  ; End Point TNS ;
+--------------------------------+--------+---------------+
; debounce:debounce_1|key_sec[0] ; -2.618 ; -2.618        ;
; rst                            ; -2.154 ; -5.458        ;
; clk                            ; -0.313 ; -2.950        ;
+--------------------------------+--------+---------------+


+---------------------------------------------------------+
; Slow 1200mV 100C Model Removal Summary                  ;
+--------------------------------+--------+---------------+
; Clock                          ; Slack  ; End Point TNS ;
+--------------------------------+--------+---------------+
; rst                            ; -0.674 ; -1.348        ;
; clk                            ; -0.185 ; -1.640        ;
; debounce:debounce_1|key_sec[0] ; 1.070  ; 0.000         ;
+--------------------------------+--------+---------------+


+---------------------------------------------------------+
; Slow 1200mV 100C Model Minimum Pulse Width Summary      ;
+--------------------------------+--------+---------------+
; Clock                          ; Slack  ; End Point TNS ;
+--------------------------------+--------+---------------+
; clk                            ; -3.000 ; -33.866       ;
; rst                            ; -3.000 ; -12.474       ;
; debounce:debounce_1|key_sec[0] ; -1.403 ; -1.403        ;
+--------------------------------+--------+---------------+


------------------------------------------------
; Slow 1200mV 100C Model Metastability Summary ;
------------------------------------------------
No synchronizer chains to report.


+-------------------------------------------------------------------------------------------------------------------------------+
; Slow 1200mV -40C Model Fmax Summary                                                                                           ;
+------------+-----------------+--------------------------------+---------------------------------------------------------------+
; Fmax       ; Restricted Fmax ; Clock Name                     ; Note                                                          ;
+------------+-----------------+--------------------------------+---------------------------------------------------------------+
; 190.91 MHz ; 190.91 MHz      ; rst                            ;                                                               ;
; 277.47 MHz ; 250.0 MHz       ; clk                            ; limit due to minimum period restriction (max I/O toggle rate) ;
; 610.87 MHz ; 416.15 MHz      ; debounce:debounce_1|key_sec[0] ; limit due to minimum period restriction (tmin)                ;
+------------+-----------------+--------------------------------+---------------------------------------------------------------+
This panel reports FMAX for every clock in the design, regardless of the user-specified clock periods.  FMAX is only computed for paths where the source and destination registers or ports are driven by the same clock.  Paths of different clocks, including generated clocks, are ignored.  For paths between a clock and its inversion, FMAX is computed as if the rising and falling edges are scaled along with FMAX, such that the duty cycle (in terms of a percentage) is maintained. Altera recommends that you always use clock constraints and other slack reports for sign-off analysis.


+---------------------------------------------------------+
; Slow 1200mV -40C Model Setup Summary                    ;
+--------------------------------+--------+---------------+
; Clock                          ; Slack  ; End Point TNS ;
+--------------------------------+--------+---------------+
; rst                            ; -4.033 ; -9.306        ;
; clk                            ; -2.604 ; -31.186       ;
; debounce:debounce_1|key_sec[0] ; -1.532 ; -1.532        ;
+--------------------------------+--------+---------------+


+---------------------------------------------------------+
; Slow 1200mV -40C Model Hold Summary                     ;
+--------------------------------+--------+---------------+
; Clock                          ; Slack  ; End Point TNS ;
+--------------------------------+--------+---------------+
; rst                            ; -0.747 ; -1.609        ;
; clk                            ; 0.380  ; 0.000         ;
; debounce:debounce_1|key_sec[0] ; 0.609  ; 0.000         ;
+--------------------------------+--------+---------------+


+---------------------------------------------------------+
; Slow 1200mV -40C Model Recovery Summary                 ;
+--------------------------------+--------+---------------+
; Clock                          ; Slack  ; End Point TNS ;
+--------------------------------+--------+---------------+
; debounce:debounce_1|key_sec[0] ; -2.472 ; -2.472        ;
; rst                            ; -2.096 ; -5.428        ;
; clk                            ; -0.224 ; -2.097        ;
+--------------------------------+--------+---------------+


+---------------------------------------------------------+
; Slow 1200mV -40C Model Removal Summary                  ;
+--------------------------------+--------+---------------+
; Clock                          ; Slack  ; End Point TNS ;
+--------------------------------+--------+---------------+
; rst                            ; -0.490 ; -0.980        ;
; clk                            ; -0.035 ; -0.100        ;
; debounce:debounce_1|key_sec[0] ; 0.996  ; 0.000         ;
+--------------------------------+--------+---------------+


+---------------------------------------------------------+
; Slow 1200mV -40C Model Minimum Pulse Width Summary      ;
+--------------------------------+--------+---------------+
; Clock                          ; Slack  ; End Point TNS ;
+--------------------------------+--------+---------------+
; clk                            ; -3.000 ; -33.866       ;
; rst                            ; -3.000 ; -11.529       ;
; debounce:debounce_1|key_sec[0] ; -1.403 ; -1.403        ;
+--------------------------------+--------+---------------+


------------------------------------------------
; Slow 1200mV -40C Model Metastability Summary ;
------------------------------------------------
No synchronizer chains to report.


+---------------------------------------------------------+
; Fast 1200mV -40C Model Setup Summary                    ;
+--------------------------------+--------+---------------+
; Clock                          ; Slack  ; End Point TNS ;
+--------------------------------+--------+---------------+
; rst                            ; -1.441 ; -2.804        ;
; clk                            ; -0.667 ; -5.007        ;
; debounce:debounce_1|key_sec[0] ; -0.087 ; -0.087        ;
+--------------------------------+--------+---------------+


+---------------------------------------------------------+
; Fast 1200mV -40C Model Hold Summary                     ;
+--------------------------------+--------+---------------+
; Clock                          ; Slack  ; End Point TNS ;
+--------------------------------+--------+---------------+
; rst                            ; -0.380 ; -0.790        ;
; clk                            ; 0.160  ; 0.000         ;
; debounce:debounce_1|key_sec[0] ; 0.375  ; 0.000         ;
+--------------------------------+--------+---------------+


+---------------------------------------------------------+
; Fast 1200mV -40C Model Recovery Summary                 ;
+--------------------------------+--------+---------------+
; Clock                          ; Slack  ; End Point TNS ;
+--------------------------------+--------+---------------+
; debounce:debounce_1|key_sec[0] ; -0.547 ; -0.547        ;
; rst                            ; -0.231 ; -0.231        ;
; clk                            ; -0.020 ; -0.180        ;
+--------------------------------+--------+---------------+


+---------------------------------------------------------+
; Fast 1200mV -40C Model Removal Summary                  ;
+--------------------------------+--------+---------------+
; Clock                          ; Slack  ; End Point TNS ;
+--------------------------------+--------+---------------+
; rst                            ; -0.348 ; -0.696        ;
; clk                            ; -0.287 ; -4.418        ;
; debounce:debounce_1|key_sec[0] ; 0.574  ; 0.000         ;
+--------------------------------+--------+---------------+


+---------------------------------------------------------+
; Fast 1200mV -40C Model Minimum Pulse Width Summary      ;
+--------------------------------+--------+---------------+
; Clock                          ; Slack  ; End Point TNS ;
+--------------------------------+--------+---------------+
; clk                            ; -3.000 ; -25.652       ;
; rst                            ; -3.000 ; -8.252        ;
; debounce:debounce_1|key_sec[0] ; -1.000 ; -1.000        ;
+--------------------------------+--------+---------------+


------------------------------------------------
; Fast 1200mV -40C Model Metastability Summary ;
------------------------------------------------
No synchronizer chains to report.


+-----------------------------------------------------------------------------------------------+
; Multicorner Timing Analysis Summary                                                           ;
+---------------------------------+---------+--------+----------+---------+---------------------+
; Clock                           ; Setup   ; Hold   ; Recovery ; Removal ; Minimum Pulse Width ;
+---------------------------------+---------+--------+----------+---------+---------------------+
; Worst-case Slack                ; -4.580  ; -0.835 ; -2.618   ; -0.674  ; -3.000              ;
;  clk                            ; -3.026  ; 0.160  ; -0.313   ; -0.287  ; -3.000              ;
;  debounce:debounce_1|key_sec[0] ; -1.613  ; 0.375  ; -2.618   ; 0.574   ; -1.403              ;
;  rst                            ; -4.580  ; -0.835 ; -2.154   ; -0.674  ; -3.000              ;
; Design-wide TNS                 ; -50.945 ; -1.742 ; -11.026  ; -5.114  ; -47.743             ;
;  clk                            ; -38.863 ; 0.000  ; -2.950   ; -4.418  ; -33.866             ;
;  debounce:debounce_1|key_sec[0] ; -1.613  ; 0.000  ; -2.618   ; 0.000   ; -1.403              ;
;  rst                            ; -10.469 ; -1.742 ; -5.458   ; -1.348  ; -12.474             ;
+---------------------------------+---------+--------+----------+---------+---------------------+


+-----------------------------------------------------------------------------------------------------------------------------------------------------------------------------------------------------------------------------------------------------------------------------------------------------------------------------------------------------------------------------------------------------------------+
; Board Trace Model Assignments                                                                                                                                                                                                                                                                                                                                                                                   ;
+--------------+--------------+-------------------+-------------------------+-------------------------+---------------+---------------------+----------------+------------------+--------+------------------+------------------------+------------------------+--------------+---------------+-----------------+-------+---------------------+--------------------+---------------+-----------------+-------------+
; Pin          ; I/O Standard ; Near Tline Length ; Near Tline L per Length ; Near Tline C per Length ; Near Series R ; Near Differential R ; Near Pull-up R ; Near Pull-down R ; Near C ; Far Tline Length ; Far Tline L per Length ; Far Tline C per Length ; Far Series R ; Far Pull-up R ; Far Pull-down R ; Far C ; Termination Voltage ; Far Differential R ; EBD File Name ; EBD Signal Name ; EBD Far-end ;
+--------------+--------------+-------------------+-------------------------+-------------------------+---------------+---------------------+----------------+------------------+--------+------------------+------------------------+------------------------+--------------+---------------+-----------------+-------+---------------------+--------------------+---------------+-----------------+-------------+
; Q[0]         ; 2.5 V        ; 0 in              ; 0 H/in                  ; 0 F/in                  ; short         ; -                   ; open           ; open             ; open   ; 0 in             ; 0 H/in                 ; 0 F/in                 ; short        ; open          ; open            ; open  ; 0 V                 ; -                  ; n/a           ; n/a             ; n/a         ;
; Q[1]         ; 2.5 V        ; 0 in              ; 0 H/in                  ; 0 F/in                  ; short         ; -                   ; open           ; open             ; open   ; 0 in             ; 0 H/in                 ; 0 F/in                 ; short        ; open          ; open            ; open  ; 0 V                 ; -                  ; n/a           ; n/a             ; n/a         ;
; Q[2]         ; 2.5 V        ; 0 in              ; 0 H/in                  ; 0 F/in                  ; short         ; -                   ; open           ; open             ; open   ; 0 in             ; 0 H/in                 ; 0 F/in                 ; short        ; open          ; open            ; open  ; 0 V                 ; -                  ; n/a           ; n/a             ; n/a         ;
; Q[3]         ; 2.5 V        ; 0 in              ; 0 H/in                  ; 0 F/in                  ; short         ; -                   ; open           ; open             ; open   ; 0 in             ; 0 H/in                 ; 0 F/in                 ; short        ; open          ; open            ; open  ; 0 V                 ; -                  ; n/a           ; n/a             ; n/a         ;
; seg_led[0]   ; 2.5 V        ; 0 in              ; 0 H/in                  ; 0 F/in                  ; short         ; -                   ; open           ; open             ; open   ; 0 in             ; 0 H/in                 ; 0 F/in                 ; short        ; open          ; open            ; open  ; 0 V                 ; -                  ; n/a           ; n/a             ; n/a         ;
; seg_led[1]   ; 2.5 V        ; 0 in              ; 0 H/in                  ; 0 F/in                  ; short         ; -                   ; open           ; open             ; open   ; 0 in             ; 0 H/in                 ; 0 F/in                 ; short        ; open          ; open            ; open  ; 0 V                 ; -                  ; n/a           ; n/a             ; n/a         ;
; seg_led[2]   ; 2.5 V        ; 0 in              ; 0 H/in                  ; 0 F/in                  ; short         ; -                   ; open           ; open             ; open   ; 0 in             ; 0 H/in                 ; 0 F/in                 ; short        ; open          ; open            ; open  ; 0 V                 ; -                  ; n/a           ; n/a             ; n/a         ;
; seg_led[3]   ; 2.5 V        ; 0 in              ; 0 H/in                  ; 0 F/in                  ; short         ; -                   ; open           ; open             ; open   ; 0 in             ; 0 H/in                 ; 0 F/in                 ; short        ; open          ; open            ; open  ; 0 V                 ; -                  ; n/a           ; n/a             ; n/a         ;
; seg_led[4]   ; 2.5 V        ; 0 in              ; 0 H/in                  ; 0 F/in                  ; short         ; -                   ; open           ; open             ; open   ; 0 in             ; 0 H/in                 ; 0 F/in                 ; short        ; open          ; open            ; open  ; 0 V                 ; -                  ; n/a           ; n/a             ; n/a         ;
; seg_led[5]   ; 2.5 V        ; 0 in              ; 0 H/in                  ; 0 F/in                  ; short         ; -                   ; open           ; open             ; open   ; 0 in             ; 0 H/in                 ; 0 F/in                 ; short        ; open          ; open            ; open  ; 0 V                 ; -                  ; n/a           ; n/a             ; n/a         ;
; seg_led[6]   ; 2.5 V        ; 0 in              ; 0 H/in                  ; 0 F/in                  ; short         ; -                   ; open           ; open             ; open   ; 0 in             ; 0 H/in                 ; 0 F/in                 ; short        ; open          ; open            ; open  ; 0 V                 ; -                  ; n/a           ; n/a             ; n/a         ;
; seg_led[7]   ; 2.5 V        ; 0 in              ; 0 H/in                  ; 0 F/in                  ; short         ; -                   ; open           ; open             ; open   ; 0 in             ; 0 H/in                 ; 0 F/in                 ; short        ; open          ; open            ; open  ; 0 V                 ; -                  ; n/a           ; n/a             ; n/a         ;
; seg_led[8]   ; 2.5 V        ; 0 in              ; 0 H/in                  ; 0 F/in                  ; short         ; -                   ; open           ; open             ; open   ; 0 in             ; 0 H/in                 ; 0 F/in                 ; short        ; open          ; open            ; open  ; 0 V                 ; -                  ; n/a           ; n/a             ; n/a         ;
; ~ALTERA_TDO~ ; 2.5 V        ; 0 in              ; 0 H/in                  ; 0 F/in                  ; short         ; -                   ; open           ; open             ; open   ; 0 in             ; 0 H/in                 ; 0 F/in                 ; short        ; open          ; open            ; open  ; 0 V                 ; -                  ; n/a           ; n/a             ; n/a         ;
+--------------+--------------+-------------------+-------------------------+-------------------------+---------------+---------------------+----------------+------------------+--------+------------------+------------------------+------------------------+--------------+---------------+-----------------+-------+---------------------+--------------------+---------------+-----------------+-------------+


+--------------------------------------------------------------------------------+
; Input Transition Times                                                         ;
+--------------------+-----------------------+-----------------+-----------------+
; Pin                ; I/O Standard          ; 10-90 Rise Time ; 90-10 Fall Time ;
+--------------------+-----------------------+-----------------+-----------------+
; rst                ; 2.5 V                 ; 2000 ps         ; 2000 ps         ;
; set                ; 2.5 V                 ; 2000 ps         ; 2000 ps         ;
; btn                ; 2.5 V                 ; 2000 ps         ; 2000 ps         ;
; clk                ; 2.5 V                 ; 2000 ps         ; 2000 ps         ;
; ~ALTERA_TMS~       ; 2.5 V Schmitt Trigger ; 2000 ps         ; 2000 ps         ;
; ~ALTERA_TCK~       ; 2.5 V Schmitt Trigger ; 2000 ps         ; 2000 ps         ;
; ~ALTERA_TDI~       ; 2.5 V Schmitt Trigger ; 2000 ps         ; 2000 ps         ;
; ~ALTERA_nCONFIG~   ; 2.5 V Schmitt Trigger ; 2000 ps         ; 2000 ps         ;
; ~ALTERA_nSTATUS~   ; 2.5 V Schmitt Trigger ; 2000 ps         ; 2000 ps         ;
; ~ALTERA_CONF_DONE~ ; 2.5 V Schmitt Trigger ; 2000 ps         ; 2000 ps         ;
+--------------------+-----------------------+-----------------+-----------------+


+-------------------------------------------------------------------------------------------------------------------------------------------------------------------------------------------------------------------------------------------------------------------------------------------------------------------------------------------------------------------------------------------------------------------------------------------------------------------------------------------------------------------------------------------------------------------------------------------------------------------------------------------------------------------------------------------+
; Signal Integrity Metrics (Slow 1200mv n40c Model)                                                                                                                                                                                                                                                                                                                                                                                                                                                                                                                                                                                                                                         ;
+--------------+--------------+---------------------+---------------------+------------------------------+------------------------------+---------------------+---------------------+--------------------------------------+--------------------------------------+-----------------------------+-----------------------------+----------------------------+----------------------------+-----------------------------+-----------------------------+--------------------+--------------------+-------------------------------------+-------------------------------------+----------------------------+----------------------------+---------------------------+---------------------------+
; Pin          ; I/O Standard ; Board Delay on Rise ; Board Delay on Fall ; Steady State Voh at FPGA Pin ; Steady State Vol at FPGA Pin ; Voh Max at FPGA Pin ; Vol Min at FPGA Pin ; Ringback Voltage on Rise at FPGA Pin ; Ringback Voltage on Fall at FPGA Pin ; 10-90 Rise Time at FPGA Pin ; 90-10 Fall Time at FPGA Pin ; Monotonic Rise at FPGA Pin ; Monotonic Fall at FPGA Pin ; Steady State Voh at Far-end ; Steady State Vol at Far-end ; Voh Max at Far-end ; Vol Min at Far-end ; Ringback Voltage on Rise at Far-end ; Ringback Voltage on Fall at Far-end ; 10-90 Rise Time at Far-end ; 90-10 Fall Time at Far-end ; Monotonic Rise at Far-end ; Monotonic Fall at Far-end ;
+--------------+--------------+---------------------+---------------------+------------------------------+------------------------------+---------------------+---------------------+--------------------------------------+--------------------------------------+-----------------------------+-----------------------------+----------------------------+----------------------------+-----------------------------+-----------------------------+--------------------+--------------------+-------------------------------------+-------------------------------------+----------------------------+----------------------------+---------------------------+---------------------------+
; Q[0]         ; 2.5 V        ; 0 s                 ; 0 s                 ; 2.32 V                       ; 2.79e-09 V                   ; 2.43 V              ; -0.11 V             ; 0.25 V                               ; 0.136 V                              ; 2.82e-10 s                  ; 4.07e-10 s                  ; No                         ; No                         ; 2.32 V                      ; 2.79e-09 V                  ; 2.43 V             ; -0.11 V            ; 0.25 V                              ; 0.136 V                             ; 2.82e-10 s                 ; 4.07e-10 s                 ; No                        ; No                        ;
; Q[1]         ; 2.5 V        ; 0 s                 ; 0 s                 ; 2.32 V                       ; 2.79e-09 V                   ; 2.43 V              ; -0.11 V             ; 0.25 V                               ; 0.136 V                              ; 2.82e-10 s                  ; 4.07e-10 s                  ; No                         ; No                         ; 2.32 V                      ; 2.79e-09 V                  ; 2.43 V             ; -0.11 V            ; 0.25 V                              ; 0.136 V                             ; 2.82e-10 s                 ; 4.07e-10 s                 ; No                        ; No                        ;
; Q[2]         ; 2.5 V        ; 0 s                 ; 0 s                 ; 2.32 V                       ; 2.8e-09 V                    ; 2.43 V              ; -0.113 V            ; 0.249 V                              ; 0.141 V                              ; 2.82e-10 s                  ; 4.07e-10 s                  ; No                         ; No                         ; 2.32 V                      ; 2.8e-09 V                   ; 2.43 V             ; -0.113 V           ; 0.249 V                             ; 0.141 V                             ; 2.82e-10 s                 ; 4.07e-10 s                 ; No                        ; No                        ;
; Q[3]         ; 2.5 V        ; 0 s                 ; 0 s                 ; 2.32 V                       ; 2.79e-09 V                   ; 2.43 V              ; -0.11 V             ; 0.25 V                               ; 0.136 V                              ; 2.82e-10 s                  ; 4.07e-10 s                  ; No                         ; No                         ; 2.32 V                      ; 2.79e-09 V                  ; 2.43 V             ; -0.11 V            ; 0.25 V                              ; 0.136 V                             ; 2.82e-10 s                 ; 4.07e-10 s                 ; No                        ; No                        ;
; seg_led[0]   ; 2.5 V        ; 0 s                 ; 0 s                 ; 2.32 V                       ; 2.8e-09 V                    ; 2.43 V              ; -0.113 V            ; 0.249 V                              ; 0.141 V                              ; 2.82e-10 s                  ; 4.07e-10 s                  ; No                         ; No                         ; 2.32 V                      ; 2.8e-09 V                   ; 2.43 V             ; -0.113 V           ; 0.249 V                             ; 0.141 V                             ; 2.82e-10 s                 ; 4.07e-10 s                 ; No                        ; No                        ;
; seg_led[1]   ; 2.5 V        ; 0 s                 ; 0 s                 ; 2.32 V                       ; 2.8e-09 V                    ; 2.43 V              ; -0.113 V            ; 0.249 V                              ; 0.141 V                              ; 2.82e-10 s                  ; 4.07e-10 s                  ; No                         ; No                         ; 2.32 V                      ; 2.8e-09 V                   ; 2.43 V             ; -0.113 V           ; 0.249 V                             ; 0.141 V                             ; 2.82e-10 s                 ; 4.07e-10 s                 ; No                        ; No                        ;
; seg_led[2]   ; 2.5 V        ; 0 s                 ; 0 s                 ; 2.32 V                       ; 2.79e-09 V                   ; 2.43 V              ; -0.11 V             ; 0.25 V                               ; 0.136 V                              ; 2.82e-10 s                  ; 4.07e-10 s                  ; No                         ; No                         ; 2.32 V                      ; 2.79e-09 V                  ; 2.43 V             ; -0.11 V            ; 0.25 V                              ; 0.136 V                             ; 2.82e-10 s                 ; 4.07e-10 s                 ; No                        ; No                        ;
; seg_led[3]   ; 2.5 V        ; 0 s                 ; 0 s                 ; 2.32 V                       ; 2.79e-09 V                   ; 2.43 V              ; -0.11 V             ; 0.25 V                               ; 0.136 V                              ; 2.82e-10 s                  ; 4.07e-10 s                  ; No                         ; No                         ; 2.32 V                      ; 2.79e-09 V                  ; 2.43 V             ; -0.11 V            ; 0.25 V                              ; 0.136 V                             ; 2.82e-10 s                 ; 4.07e-10 s                 ; No                        ; No                        ;
; seg_led[4]   ; 2.5 V        ; 0 s                 ; 0 s                 ; 2.32 V                       ; 2.8e-09 V                    ; 2.33 V              ; -0.00823 V          ; 0.212 V                              ; 0.219 V                              ; 3.6e-09 s                   ; 3.32e-09 s                  ; No                         ; Yes                        ; 2.32 V                      ; 2.8e-09 V                   ; 2.33 V             ; -0.00823 V         ; 0.212 V                             ; 0.219 V                             ; 3.6e-09 s                  ; 3.32e-09 s                 ; No                        ; Yes                       ;
; seg_led[5]   ; 2.5 V        ; 0 s                 ; 0 s                 ; 2.32 V                       ; 2.8e-09 V                    ; 2.43 V              ; -0.113 V            ; 0.249 V                              ; 0.141 V                              ; 2.82e-10 s                  ; 4.07e-10 s                  ; No                         ; No                         ; 2.32 V                      ; 2.8e-09 V                   ; 2.43 V             ; -0.113 V           ; 0.249 V                             ; 0.141 V                             ; 2.82e-10 s                 ; 4.07e-10 s                 ; No                        ; No                        ;
; seg_led[6]   ; 2.5 V        ; 0 s                 ; 0 s                 ; 2.32 V                       ; 2.79e-09 V                   ; 2.43 V              ; -0.11 V             ; 0.25 V                               ; 0.136 V                              ; 2.82e-10 s                  ; 4.07e-10 s                  ; No                         ; No                         ; 2.32 V                      ; 2.79e-09 V                  ; 2.43 V             ; -0.11 V            ; 0.25 V                              ; 0.136 V                             ; 2.82e-10 s                 ; 4.07e-10 s                 ; No                        ; No                        ;
; seg_led[7]   ; 2.5 V        ; 0 s                 ; 0 s                 ; 2.32 V                       ; 2.8e-09 V                    ; 2.43 V              ; -0.113 V            ; 0.249 V                              ; 0.141 V                              ; 2.82e-10 s                  ; 4.07e-10 s                  ; No                         ; No                         ; 2.32 V                      ; 2.8e-09 V                   ; 2.43 V             ; -0.113 V           ; 0.249 V                             ; 0.141 V                             ; 2.82e-10 s                 ; 4.07e-10 s                 ; No                        ; No                        ;
; seg_led[8]   ; 2.5 V        ; 0 s                 ; 0 s                 ; 2.32 V                       ; 2.79e-09 V                   ; 2.43 V              ; -0.11 V             ; 0.25 V                               ; 0.136 V                              ; 2.82e-10 s                  ; 4.07e-10 s                  ; No                         ; No                         ; 2.32 V                      ; 2.79e-09 V                  ; 2.43 V             ; -0.11 V            ; 0.25 V                              ; 0.136 V                             ; 2.82e-10 s                 ; 4.07e-10 s                 ; No                        ; No                        ;
; ~ALTERA_TDO~ ; 2.5 V        ; 0 s                 ; 0 s                 ; 2.32 V                       ; 4.67e-09 V                   ; 2.4 V               ; -0.0615 V           ; 0.182 V                              ; 0.244 V                              ; 4.53e-10 s                  ; 4.59e-10 s                  ; No                         ; No                         ; 2.32 V                      ; 4.67e-09 V                  ; 2.4 V              ; -0.0615 V          ; 0.182 V                             ; 0.244 V                             ; 4.53e-10 s                 ; 4.59e-10 s                 ; No                        ; No                        ;
+--------------+--------------+---------------------+---------------------+------------------------------+------------------------------+---------------------+---------------------+--------------------------------------+--------------------------------------+-----------------------------+-----------------------------+----------------------------+----------------------------+-----------------------------+-----------------------------+--------------------+--------------------+-------------------------------------+-------------------------------------+----------------------------+----------------------------+---------------------------+---------------------------+


+-------------------------------------------------------------------------------------------------------------------------------------------------------------------------------------------------------------------------------------------------------------------------------------------------------------------------------------------------------------------------------------------------------------------------------------------------------------------------------------------------------------------------------------------------------------------------------------------------------------------------------------------------------------------------------------------+
; Signal Integrity Metrics (Slow 1200mv 100c Model)                                                                                                                                                                                                                                                                                                                                                                                                                                                                                                                                                                                                                                         ;
+--------------+--------------+---------------------+---------------------+------------------------------+------------------------------+---------------------+---------------------+--------------------------------------+--------------------------------------+-----------------------------+-----------------------------+----------------------------+----------------------------+-----------------------------+-----------------------------+--------------------+--------------------+-------------------------------------+-------------------------------------+----------------------------+----------------------------+---------------------------+---------------------------+
; Pin          ; I/O Standard ; Board Delay on Rise ; Board Delay on Fall ; Steady State Voh at FPGA Pin ; Steady State Vol at FPGA Pin ; Voh Max at FPGA Pin ; Vol Min at FPGA Pin ; Ringback Voltage on Rise at FPGA Pin ; Ringback Voltage on Fall at FPGA Pin ; 10-90 Rise Time at FPGA Pin ; 90-10 Fall Time at FPGA Pin ; Monotonic Rise at FPGA Pin ; Monotonic Fall at FPGA Pin ; Steady State Voh at Far-end ; Steady State Vol at Far-end ; Voh Max at Far-end ; Vol Min at Far-end ; Ringback Voltage on Rise at Far-end ; Ringback Voltage on Fall at Far-end ; 10-90 Rise Time at Far-end ; 90-10 Fall Time at Far-end ; Monotonic Rise at Far-end ; Monotonic Fall at Far-end ;
+--------------+--------------+---------------------+---------------------+------------------------------+------------------------------+---------------------+---------------------+--------------------------------------+--------------------------------------+-----------------------------+-----------------------------+----------------------------+----------------------------+-----------------------------+-----------------------------+--------------------+--------------------+-------------------------------------+-------------------------------------+----------------------------+----------------------------+---------------------------+---------------------------+
; Q[0]         ; 2.5 V        ; 0 s                 ; 0 s                 ; 2.32 V                       ; 2.38e-06 V                   ; 2.37 V              ; -0.0454 V           ; 0.16 V                               ; 0.203 V                              ; 4.69e-10 s                  ; 4.62e-10 s                  ; Yes                        ; Yes                        ; 2.32 V                      ; 2.38e-06 V                  ; 2.37 V             ; -0.0454 V          ; 0.16 V                              ; 0.203 V                             ; 4.69e-10 s                 ; 4.62e-10 s                 ; Yes                       ; Yes                       ;
; Q[1]         ; 2.5 V        ; 0 s                 ; 0 s                 ; 2.32 V                       ; 2.38e-06 V                   ; 2.37 V              ; -0.0454 V           ; 0.16 V                               ; 0.203 V                              ; 4.69e-10 s                  ; 4.62e-10 s                  ; Yes                        ; Yes                        ; 2.32 V                      ; 2.38e-06 V                  ; 2.37 V             ; -0.0454 V          ; 0.16 V                              ; 0.203 V                             ; 4.69e-10 s                 ; 4.62e-10 s                 ; Yes                       ; Yes                       ;
; Q[2]         ; 2.5 V        ; 0 s                 ; 0 s                 ; 2.32 V                       ; 2.38e-06 V                   ; 2.37 V              ; -0.045 V            ; 0.159 V                              ; 0.204 V                              ; 4.69e-10 s                  ; 4.62e-10 s                  ; Yes                        ; Yes                        ; 2.32 V                      ; 2.38e-06 V                  ; 2.37 V             ; -0.045 V           ; 0.159 V                             ; 0.204 V                             ; 4.69e-10 s                 ; 4.62e-10 s                 ; Yes                       ; Yes                       ;
; Q[3]         ; 2.5 V        ; 0 s                 ; 0 s                 ; 2.32 V                       ; 2.38e-06 V                   ; 2.37 V              ; -0.0454 V           ; 0.16 V                               ; 0.203 V                              ; 4.69e-10 s                  ; 4.62e-10 s                  ; Yes                        ; Yes                        ; 2.32 V                      ; 2.38e-06 V                  ; 2.37 V             ; -0.0454 V          ; 0.16 V                              ; 0.203 V                             ; 4.69e-10 s                 ; 4.62e-10 s                 ; Yes                       ; Yes                       ;
; seg_led[0]   ; 2.5 V        ; 0 s                 ; 0 s                 ; 2.32 V                       ; 2.38e-06 V                   ; 2.37 V              ; -0.045 V            ; 0.159 V                              ; 0.204 V                              ; 4.69e-10 s                  ; 4.62e-10 s                  ; Yes                        ; Yes                        ; 2.32 V                      ; 2.38e-06 V                  ; 2.37 V             ; -0.045 V           ; 0.159 V                             ; 0.204 V                             ; 4.69e-10 s                 ; 4.62e-10 s                 ; Yes                       ; Yes                       ;
; seg_led[1]   ; 2.5 V        ; 0 s                 ; 0 s                 ; 2.32 V                       ; 2.38e-06 V                   ; 2.37 V              ; -0.045 V            ; 0.159 V                              ; 0.204 V                              ; 4.69e-10 s                  ; 4.62e-10 s                  ; Yes                        ; Yes                        ; 2.32 V                      ; 2.38e-06 V                  ; 2.37 V             ; -0.045 V           ; 0.159 V                             ; 0.204 V                             ; 4.69e-10 s                 ; 4.62e-10 s                 ; Yes                       ; Yes                       ;
; seg_led[2]   ; 2.5 V        ; 0 s                 ; 0 s                 ; 2.32 V                       ; 2.38e-06 V                   ; 2.37 V              ; -0.0454 V           ; 0.16 V                               ; 0.203 V                              ; 4.69e-10 s                  ; 4.62e-10 s                  ; Yes                        ; Yes                        ; 2.32 V                      ; 2.38e-06 V                  ; 2.37 V             ; -0.0454 V          ; 0.16 V                              ; 0.203 V                             ; 4.69e-10 s                 ; 4.62e-10 s                 ; Yes                       ; Yes                       ;
; seg_led[3]   ; 2.5 V        ; 0 s                 ; 0 s                 ; 2.32 V                       ; 2.38e-06 V                   ; 2.37 V              ; -0.0454 V           ; 0.16 V                               ; 0.203 V                              ; 4.69e-10 s                  ; 4.62e-10 s                  ; Yes                        ; Yes                        ; 2.32 V                      ; 2.38e-06 V                  ; 2.37 V             ; -0.0454 V          ; 0.16 V                              ; 0.203 V                             ; 4.69e-10 s                 ; 4.62e-10 s                 ; Yes                       ; Yes                       ;
; seg_led[4]   ; 2.5 V        ; 0 s                 ; 0 s                 ; 2.32 V                       ; 2.38e-06 V                   ; 2.33 V              ; -0.00265 V          ; 0.197 V                              ; 0.132 V                              ; 4.86e-09 s                  ; 4.57e-09 s                  ; Yes                        ; Yes                        ; 2.32 V                      ; 2.38e-06 V                  ; 2.33 V             ; -0.00265 V         ; 0.197 V                             ; 0.132 V                             ; 4.86e-09 s                 ; 4.57e-09 s                 ; Yes                       ; Yes                       ;
; seg_led[5]   ; 2.5 V        ; 0 s                 ; 0 s                 ; 2.32 V                       ; 2.38e-06 V                   ; 2.37 V              ; -0.045 V            ; 0.159 V                              ; 0.204 V                              ; 4.69e-10 s                  ; 4.62e-10 s                  ; Yes                        ; Yes                        ; 2.32 V                      ; 2.38e-06 V                  ; 2.37 V             ; -0.045 V           ; 0.159 V                             ; 0.204 V                             ; 4.69e-10 s                 ; 4.62e-10 s                 ; Yes                       ; Yes                       ;
; seg_led[6]   ; 2.5 V        ; 0 s                 ; 0 s                 ; 2.32 V                       ; 2.38e-06 V                   ; 2.37 V              ; -0.0454 V           ; 0.16 V                               ; 0.203 V                              ; 4.69e-10 s                  ; 4.62e-10 s                  ; Yes                        ; Yes                        ; 2.32 V                      ; 2.38e-06 V                  ; 2.37 V             ; -0.0454 V          ; 0.16 V                              ; 0.203 V                             ; 4.69e-10 s                 ; 4.62e-10 s                 ; Yes                       ; Yes                       ;
; seg_led[7]   ; 2.5 V        ; 0 s                 ; 0 s                 ; 2.32 V                       ; 2.38e-06 V                   ; 2.37 V              ; -0.045 V            ; 0.159 V                              ; 0.204 V                              ; 4.69e-10 s                  ; 4.62e-10 s                  ; Yes                        ; Yes                        ; 2.32 V                      ; 2.38e-06 V                  ; 2.37 V             ; -0.045 V           ; 0.159 V                             ; 0.204 V                             ; 4.69e-10 s                 ; 4.62e-10 s                 ; Yes                       ; Yes                       ;
; seg_led[8]   ; 2.5 V        ; 0 s                 ; 0 s                 ; 2.32 V                       ; 2.38e-06 V                   ; 2.37 V              ; -0.0454 V           ; 0.16 V                               ; 0.203 V                              ; 4.69e-10 s                  ; 4.62e-10 s                  ; Yes                        ; Yes                        ; 2.32 V                      ; 2.38e-06 V                  ; 2.37 V             ; -0.0454 V          ; 0.16 V                              ; 0.203 V                             ; 4.69e-10 s                 ; 4.62e-10 s                 ; Yes                       ; Yes                       ;
; ~ALTERA_TDO~ ; 2.5 V        ; 0 s                 ; 0 s                 ; 2.32 V                       ; 4.02e-06 V                   ; 2.36 V              ; -0.0151 V           ; 0.153 V                              ; 0.106 V                              ; 6.51e-10 s                  ; 7.55e-10 s                  ; No                         ; Yes                        ; 2.32 V                      ; 4.02e-06 V                  ; 2.36 V             ; -0.0151 V          ; 0.153 V                             ; 0.106 V                             ; 6.51e-10 s                 ; 7.55e-10 s                 ; No                        ; Yes                       ;
+--------------+--------------+---------------------+---------------------+------------------------------+------------------------------+---------------------+---------------------+--------------------------------------+--------------------------------------+-----------------------------+-----------------------------+----------------------------+----------------------------+-----------------------------+-----------------------------+--------------------+--------------------+-------------------------------------+-------------------------------------+----------------------------+----------------------------+---------------------------+---------------------------+


+-------------------------------------------------------------------------------------------------------------------------------------------------------------------------------------------------------------------------------------------------------------------------------------------------------------------------------------------------------------------------------------------------------------------------------------------------------------------------------------------------------------------------------------------------------------------------------------------------------------------------------------------------------------------------------------------+
; Signal Integrity Metrics (Fast 1200mv n40c Model)                                                                                                                                                                                                                                                                                                                                                                                                                                                                                                                                                                                                                                         ;
+--------------+--------------+---------------------+---------------------+------------------------------+------------------------------+---------------------+---------------------+--------------------------------------+--------------------------------------+-----------------------------+-----------------------------+----------------------------+----------------------------+-----------------------------+-----------------------------+--------------------+--------------------+-------------------------------------+-------------------------------------+----------------------------+----------------------------+---------------------------+---------------------------+
; Pin          ; I/O Standard ; Board Delay on Rise ; Board Delay on Fall ; Steady State Voh at FPGA Pin ; Steady State Vol at FPGA Pin ; Voh Max at FPGA Pin ; Vol Min at FPGA Pin ; Ringback Voltage on Rise at FPGA Pin ; Ringback Voltage on Fall at FPGA Pin ; 10-90 Rise Time at FPGA Pin ; 90-10 Fall Time at FPGA Pin ; Monotonic Rise at FPGA Pin ; Monotonic Fall at FPGA Pin ; Steady State Voh at Far-end ; Steady State Vol at Far-end ; Voh Max at Far-end ; Vol Min at Far-end ; Ringback Voltage on Rise at Far-end ; Ringback Voltage on Fall at Far-end ; 10-90 Rise Time at Far-end ; 90-10 Fall Time at Far-end ; Monotonic Rise at Far-end ; Monotonic Fall at Far-end ;
+--------------+--------------+---------------------+---------------------+------------------------------+------------------------------+---------------------+---------------------+--------------------------------------+--------------------------------------+-----------------------------+-----------------------------+----------------------------+----------------------------+-----------------------------+-----------------------------+--------------------+--------------------+-------------------------------------+-------------------------------------+----------------------------+----------------------------+---------------------------+---------------------------+
; Q[0]         ; 2.5 V        ; 0 s                 ; 0 s                 ; 2.62 V                       ; 8.38e-09 V                   ; 2.81 V              ; -0.0554 V           ; 0.246 V                              ; 0.091 V                              ; 2.59e-10 s                  ; 2.54e-10 s                  ; No                         ; Yes                        ; 2.62 V                      ; 8.38e-09 V                  ; 2.81 V             ; -0.0554 V          ; 0.246 V                             ; 0.091 V                             ; 2.59e-10 s                 ; 2.54e-10 s                 ; No                        ; Yes                       ;
; Q[1]         ; 2.5 V        ; 0 s                 ; 0 s                 ; 2.62 V                       ; 8.38e-09 V                   ; 2.81 V              ; -0.0554 V           ; 0.246 V                              ; 0.091 V                              ; 2.59e-10 s                  ; 2.54e-10 s                  ; No                         ; Yes                        ; 2.62 V                      ; 8.38e-09 V                  ; 2.81 V             ; -0.0554 V          ; 0.246 V                             ; 0.091 V                             ; 2.59e-10 s                 ; 2.54e-10 s                 ; No                        ; Yes                       ;
; Q[2]         ; 2.5 V        ; 0 s                 ; 0 s                 ; 2.62 V                       ; 8.38e-09 V                   ; 2.81 V              ; -0.0548 V           ; 0.247 V                              ; 0.09 V                               ; 2.59e-10 s                  ; 2.54e-10 s                  ; No                         ; Yes                        ; 2.62 V                      ; 8.38e-09 V                  ; 2.81 V             ; -0.0548 V          ; 0.247 V                             ; 0.09 V                              ; 2.59e-10 s                 ; 2.54e-10 s                 ; No                        ; Yes                       ;
; Q[3]         ; 2.5 V        ; 0 s                 ; 0 s                 ; 2.62 V                       ; 8.38e-09 V                   ; 2.81 V              ; -0.0554 V           ; 0.246 V                              ; 0.091 V                              ; 2.59e-10 s                  ; 2.54e-10 s                  ; No                         ; Yes                        ; 2.62 V                      ; 8.38e-09 V                  ; 2.81 V             ; -0.0554 V          ; 0.246 V                             ; 0.091 V                             ; 2.59e-10 s                 ; 2.54e-10 s                 ; No                        ; Yes                       ;
; seg_led[0]   ; 2.5 V        ; 0 s                 ; 0 s                 ; 2.62 V                       ; 8.38e-09 V                   ; 2.81 V              ; -0.0548 V           ; 0.247 V                              ; 0.09 V                               ; 2.59e-10 s                  ; 2.54e-10 s                  ; No                         ; Yes                        ; 2.62 V                      ; 8.38e-09 V                  ; 2.81 V             ; -0.0548 V          ; 0.247 V                             ; 0.09 V                              ; 2.59e-10 s                 ; 2.54e-10 s                 ; No                        ; Yes                       ;
; seg_led[1]   ; 2.5 V        ; 0 s                 ; 0 s                 ; 2.62 V                       ; 8.38e-09 V                   ; 2.81 V              ; -0.0548 V           ; 0.247 V                              ; 0.09 V                               ; 2.59e-10 s                  ; 2.54e-10 s                  ; No                         ; Yes                        ; 2.62 V                      ; 8.38e-09 V                  ; 2.81 V             ; -0.0548 V          ; 0.247 V                             ; 0.09 V                              ; 2.59e-10 s                 ; 2.54e-10 s                 ; No                        ; Yes                       ;
; seg_led[2]   ; 2.5 V        ; 0 s                 ; 0 s                 ; 2.62 V                       ; 8.38e-09 V                   ; 2.81 V              ; -0.0554 V           ; 0.246 V                              ; 0.091 V                              ; 2.59e-10 s                  ; 2.54e-10 s                  ; No                         ; Yes                        ; 2.62 V                      ; 8.38e-09 V                  ; 2.81 V             ; -0.0554 V          ; 0.246 V                             ; 0.091 V                             ; 2.59e-10 s                 ; 2.54e-10 s                 ; No                        ; Yes                       ;
; seg_led[3]   ; 2.5 V        ; 0 s                 ; 0 s                 ; 2.62 V                       ; 8.38e-09 V                   ; 2.81 V              ; -0.0554 V           ; 0.246 V                              ; 0.091 V                              ; 2.59e-10 s                  ; 2.54e-10 s                  ; No                         ; Yes                        ; 2.62 V                      ; 8.38e-09 V                  ; 2.81 V             ; -0.0554 V          ; 0.246 V                             ; 0.091 V                             ; 2.59e-10 s                 ; 2.54e-10 s                 ; No                        ; Yes                       ;
; seg_led[4]   ; 2.5 V        ; 0 s                 ; 0 s                 ; 2.62 V                       ; 8.38e-09 V                   ; 2.64 V              ; -0.0108 V           ; 0.239 V                              ; 0.191 V                              ; 2.85e-09 s                  ; 2.75e-09 s                  ; No                         ; Yes                        ; 2.62 V                      ; 8.38e-09 V                  ; 2.64 V             ; -0.0108 V          ; 0.239 V                             ; 0.191 V                             ; 2.85e-09 s                 ; 2.75e-09 s                 ; No                        ; Yes                       ;
; seg_led[5]   ; 2.5 V        ; 0 s                 ; 0 s                 ; 2.62 V                       ; 8.38e-09 V                   ; 2.81 V              ; -0.0548 V           ; 0.247 V                              ; 0.09 V                               ; 2.59e-10 s                  ; 2.54e-10 s                  ; No                         ; Yes                        ; 2.62 V                      ; 8.38e-09 V                  ; 2.81 V             ; -0.0548 V          ; 0.247 V                             ; 0.09 V                              ; 2.59e-10 s                 ; 2.54e-10 s                 ; No                        ; Yes                       ;
; seg_led[6]   ; 2.5 V        ; 0 s                 ; 0 s                 ; 2.62 V                       ; 8.38e-09 V                   ; 2.81 V              ; -0.0554 V           ; 0.246 V                              ; 0.091 V                              ; 2.59e-10 s                  ; 2.54e-10 s                  ; No                         ; Yes                        ; 2.62 V                      ; 8.38e-09 V                  ; 2.81 V             ; -0.0554 V          ; 0.246 V                             ; 0.091 V                             ; 2.59e-10 s                 ; 2.54e-10 s                 ; No                        ; Yes                       ;
; seg_led[7]   ; 2.5 V        ; 0 s                 ; 0 s                 ; 2.62 V                       ; 8.38e-09 V                   ; 2.81 V              ; -0.0548 V           ; 0.247 V                              ; 0.09 V                               ; 2.59e-10 s                  ; 2.54e-10 s                  ; No                         ; Yes                        ; 2.62 V                      ; 8.38e-09 V                  ; 2.81 V             ; -0.0548 V          ; 0.247 V                             ; 0.09 V                              ; 2.59e-10 s                 ; 2.54e-10 s                 ; No                        ; Yes                       ;
; seg_led[8]   ; 2.5 V        ; 0 s                 ; 0 s                 ; 2.62 V                       ; 8.38e-09 V                   ; 2.81 V              ; -0.0554 V           ; 0.246 V                              ; 0.091 V                              ; 2.59e-10 s                  ; 2.54e-10 s                  ; No                         ; Yes                        ; 2.62 V                      ; 8.38e-09 V                  ; 2.81 V             ; -0.0554 V          ; 0.246 V                             ; 0.091 V                             ; 2.59e-10 s                 ; 2.54e-10 s                 ; No                        ; Yes                       ;
; ~ALTERA_TDO~ ; 2.5 V        ; 0 s                 ; 0 s                 ; 2.62 V                       ; 1.41e-08 V                   ; 2.76 V              ; -0.0557 V           ; 0.312 V                              ; 0.096 V                              ; 2.82e-10 s                  ; 4.04e-10 s                  ; No                         ; Yes                        ; 2.62 V                      ; 1.41e-08 V                  ; 2.76 V             ; -0.0557 V          ; 0.312 V                             ; 0.096 V                             ; 2.82e-10 s                 ; 4.04e-10 s                 ; No                        ; Yes                       ;
+--------------+--------------+---------------------+---------------------+------------------------------+------------------------------+---------------------+---------------------+--------------------------------------+--------------------------------------+-----------------------------+-----------------------------+----------------------------+----------------------------+-----------------------------+-----------------------------+--------------------+--------------------+-------------------------------------+-------------------------------------+----------------------------+----------------------------+---------------------------+---------------------------+


+-------------------------------------------------------------------------------------------------------------+
; Setup Transfers                                                                                             ;
+--------------------------------+--------------------------------+----------+----------+----------+----------+
; From Clock                     ; To Clock                       ; RR Paths ; FR Paths ; RF Paths ; FF Paths ;
+--------------------------------+--------------------------------+----------+----------+----------+----------+
; clk                            ; clk                            ; 226      ; 0        ; 0        ; 0        ;
; debounce:debounce_1|key_sec[0] ; clk                            ; 2        ; 2        ; 0        ; 0        ;
; debounce:debounce_1|key_sec[0] ; debounce:debounce_1|key_sec[0] ; 0        ; 0        ; 0        ; 1        ;
; rst                            ; debounce:debounce_1|key_sec[0] ; 0        ; 0        ; 2        ; 2        ;
; rst                            ; rst                            ; 0        ; 0        ; 12       ; 18       ;
+--------------------------------+--------------------------------+----------+----------+----------+----------+
Entries labeled "false path" only account for clock-to-clock false paths and not path-based false paths. As a result, actual path counts may be lower than reported.


+-------------------------------------------------------------------------------------------------------------+
; Hold Transfers                                                                                              ;
+--------------------------------+--------------------------------+----------+----------+----------+----------+
; From Clock                     ; To Clock                       ; RR Paths ; FR Paths ; RF Paths ; FF Paths ;
+--------------------------------+--------------------------------+----------+----------+----------+----------+
; clk                            ; clk                            ; 226      ; 0        ; 0        ; 0        ;
; debounce:debounce_1|key_sec[0] ; clk                            ; 2        ; 2        ; 0        ; 0        ;
; debounce:debounce_1|key_sec[0] ; debounce:debounce_1|key_sec[0] ; 0        ; 0        ; 0        ; 1        ;
; rst                            ; debounce:debounce_1|key_sec[0] ; 0        ; 0        ; 2        ; 2        ;
; rst                            ; rst                            ; 0        ; 0        ; 12       ; 18       ;
+--------------------------------+--------------------------------+----------+----------+----------+----------+
Entries labeled "false path" only account for clock-to-clock false paths and not path-based false paths. As a result, actual path counts may be lower than reported.


+-----------------------------------------------------------------------------------------+
; Recovery Transfers                                                                      ;
+------------+--------------------------------+----------+----------+----------+----------+
; From Clock ; To Clock                       ; RR Paths ; FR Paths ; RF Paths ; FF Paths ;
+------------+--------------------------------+----------+----------+----------+----------+
; rst        ; clk                            ; 22       ; 22       ; 0        ; 0        ;
; rst        ; debounce:debounce_1|key_sec[0] ; 0        ; 0        ; 2        ; 2        ;
; rst        ; rst                            ; 0        ; 0        ; 6        ; 6        ;
+------------+--------------------------------+----------+----------+----------+----------+
Entries labeled "false path" only account for clock-to-clock false paths and not path-based false paths. As a result, actual path counts may be lower than reported.


+-----------------------------------------------------------------------------------------+
; Removal Transfers                                                                       ;
+------------+--------------------------------+----------+----------+----------+----------+
; From Clock ; To Clock                       ; RR Paths ; FR Paths ; RF Paths ; FF Paths ;
+------------+--------------------------------+----------+----------+----------+----------+
; rst        ; clk                            ; 22       ; 22       ; 0        ; 0        ;
; rst        ; debounce:debounce_1|key_sec[0] ; 0        ; 0        ; 2        ; 2        ;
; rst        ; rst                            ; 0        ; 0        ; 6        ; 6        ;
+------------+--------------------------------+----------+----------+----------+----------+
Entries labeled "false path" only account for clock-to-clock false paths and not path-based false paths. As a result, actual path counts may be lower than reported.


---------------
; Report TCCS ;
---------------
No dedicated SERDES Transmitter circuitry present in device or used in design


---------------
; Report RSKM ;
---------------
No non-DPA dedicated SERDES Receiver circuitry present in device or used in design


+------------------------------------------------+
; Unconstrained Paths Summary                    ;
+---------------------------------+-------+------+
; Property                        ; Setup ; Hold ;
+---------------------------------+-------+------+
; Illegal Clocks                  ; 0     ; 0    ;
; Unconstrained Clocks            ; 0     ; 0    ;
; Unconstrained Input Ports       ; 3     ; 3    ;
; Unconstrained Input Port Paths  ; 29    ; 29   ;
; Unconstrained Output Ports      ; 11    ; 11   ;
; Unconstrained Output Port Paths ; 65    ; 65   ;
+---------------------------------+-------+------+


+--------------------------------------------------------------------------------------+
; Clock Status Summary                                                                 ;
+--------------------------------+--------------------------------+------+-------------+
; Target                         ; Clock                          ; Type ; Status      ;
+--------------------------------+--------------------------------+------+-------------+
; clk                            ; clk                            ; Base ; Constrained ;
; debounce:debounce_1|key_sec[0] ; debounce:debounce_1|key_sec[0] ; Base ; Constrained ;
; rst                            ; rst                            ; Base ; Constrained ;
+--------------------------------+--------------------------------+------+-------------+


+---------------------------------------------------------------------------------------------------+
; Unconstrained Input Ports                                                                         ;
+------------+--------------------------------------------------------------------------------------+
; Input Port ; Comment                                                                              ;
+------------+--------------------------------------------------------------------------------------+
; btn        ; No input delay, min/max delays, false-path exceptions, or max skew assignments found ;
; rst        ; No input delay, min/max delays, false-path exceptions, or max skew assignments found ;
; set        ; No input delay, min/max delays, false-path exceptions, or max skew assignments found ;
+------------+--------------------------------------------------------------------------------------+


+-----------------------------------------------------------------------------------------------------+
; Unconstrained Output Ports                                                                          ;
+-------------+---------------------------------------------------------------------------------------+
; Output Port ; Comment                                                                               ;
+-------------+---------------------------------------------------------------------------------------+
; Q[0]        ; No output delay, min/max delays, false-path exceptions, or max skew assignments found ;
; Q[1]        ; No output delay, min/max delays, false-path exceptions, or max skew assignments found ;
; Q[2]        ; No output delay, min/max delays, false-path exceptions, or max skew assignments found ;
; Q[3]        ; No output delay, min/max delays, false-path exceptions, or max skew assignments found ;
; seg_led[0]  ; No output delay, min/max delays, false-path exceptions, or max skew assignments found ;
; seg_led[1]  ; No output delay, min/max delays, false-path exceptions, or max skew assignments found ;
; seg_led[2]  ; No output delay, min/max delays, false-path exceptions, or max skew assignments found ;
; seg_led[3]  ; No output delay, min/max delays, false-path exceptions, or max skew assignments found ;
; seg_led[4]  ; No output delay, min/max delays, false-path exceptions, or max skew assignments found ;
; seg_led[5]  ; No output delay, min/max delays, false-path exceptions, or max skew assignments found ;
; seg_led[6]  ; No output delay, min/max delays, false-path exceptions, or max skew assignments found ;
+-------------+---------------------------------------------------------------------------------------+


+---------------------------------------------------------------------------------------------------+
; Unconstrained Input Ports                                                                         ;
+------------+--------------------------------------------------------------------------------------+
; Input Port ; Comment                                                                              ;
+------------+--------------------------------------------------------------------------------------+
; btn        ; No input delay, min/max delays, false-path exceptions, or max skew assignments found ;
; rst        ; No input delay, min/max delays, false-path exceptions, or max skew assignments found ;
; set        ; No input delay, min/max delays, false-path exceptions, or max skew assignments found ;
+------------+--------------------------------------------------------------------------------------+


+-----------------------------------------------------------------------------------------------------+
; Unconstrained Output Ports                                                                          ;
+-------------+---------------------------------------------------------------------------------------+
; Output Port ; Comment                                                                               ;
+-------------+---------------------------------------------------------------------------------------+
; Q[0]        ; No output delay, min/max delays, false-path exceptions, or max skew assignments found ;
; Q[1]        ; No output delay, min/max delays, false-path exceptions, or max skew assignments found ;
; Q[2]        ; No output delay, min/max delays, false-path exceptions, or max skew assignments found ;
; Q[3]        ; No output delay, min/max delays, false-path exceptions, or max skew assignments found ;
; seg_led[0]  ; No output delay, min/max delays, false-path exceptions, or max skew assignments found ;
; seg_led[1]  ; No output delay, min/max delays, false-path exceptions, or max skew assignments found ;
; seg_led[2]  ; No output delay, min/max delays, false-path exceptions, or max skew assignments found ;
; seg_led[3]  ; No output delay, min/max delays, false-path exceptions, or max skew assignments found ;
; seg_led[4]  ; No output delay, min/max delays, false-path exceptions, or max skew assignments found ;
; seg_led[5]  ; No output delay, min/max delays, false-path exceptions, or max skew assignments found ;
; seg_led[6]  ; No output delay, min/max delays, false-path exceptions, or max skew assignments found ;
+-------------+---------------------------------------------------------------------------------------+


+--------------------------+
; Timing Analyzer Messages ;
+--------------------------+
Info: *******************************************************************
Info: Running Quartus Prime Timing Analyzer
    Info: Version 23.1std.1 Build 993 05/14/2024 SC Lite Edition
    Info: Processing started: Mon Dec  2 17:34:46 2024
Info: Command: quartus_sta JK_8421 -c JK_8421
Info: qsta_default_script.tcl version: #1
Warning (18236): Number of processors has not been specified which may cause overloading on shared machines.  Set the global assignment NUM_PARALLEL_PROCESSORS in your QSF to an appropriate value for best performance.
Info (20030): Parallel compilation is enabled and will use 16 of the 32 processors detected
Info (21077): Low junction temperature is -40 degrees C
Info (21077): High junction temperature is 100 degrees C
Warning (335093): The Timing Analyzer is analyzing 1 combinational loops as latches. For more details, run the Check Timing command in the Timing Analyzer or view the "User-Specified and Inferred Latches" table in the Analysis & Synthesis report.
Critical Warning (332012): Synopsys Design Constraints File file not found: 'JK_8421.sdc'. A Synopsys Design Constraints File is required by the Timing Analyzer to get proper timing constraints. Without it, the Compiler will not properly optimize the design.
Info (332142): No user constrained base clocks found in the design. Calling "derive_clocks -period 1.0"
Info (332105): Deriving Clocks
    Info (332105): create_clock -period 1.000 -name clk clk
    Info (332105): create_clock -period 1.000 -name rst rst
    Info (332105): create_clock -period 1.000 -name debounce:debounce_1|key_sec[0] debounce:debounce_1|key_sec[0]
Info (332143): No user constrained clock uncertainty found in the design. Calling "derive_clock_uncertainty"
Info (332123): Deriving Clock Uncertainty. Please refer to report_sdc in the Timing Analyzer to see clock uncertainties.
Info: Found TIMING_ANALYZER_REPORT_SCRIPT_INCLUDE_DEFAULT_ANALYSIS = ON
Info: Analyzing Slow 1200mV 100C Model
Info: Can't run Report Timing Closure Recommendations. The current device family is not supported.
Critical Warning (332148): Timing requirements not met
Info (332146): Worst-case setup slack is -4.580
    Info (332119):     Slack       End Point TNS Clock 
    Info (332119): ========= =================== =====================
    Info (332119):    -4.580             -10.469 rst 
    Info (332119):    -3.026             -38.863 clk 
    Info (332119):    -1.613              -1.613 debounce:debounce_1|key_sec[0] 
Info (332146): Worst-case hold slack is -0.835
    Info (332119):     Slack       End Point TNS Clock 
    Info (332119): ========= =================== =====================
    Info (332119):    -0.835              -1.742 rst 
    Info (332119):     0.423               0.000 clk 
    Info (332119):     0.719               0.000 debounce:debounce_1|key_sec[0] 
Info (332146): Worst-case recovery slack is -2.618
    Info (332119):     Slack       End Point TNS Clock 
    Info (332119): ========= =================== =====================
    Info (332119):    -2.618              -2.618 debounce:debounce_1|key_sec[0] 
    Info (332119):    -2.154              -5.458 rst 
    Info (332119):    -0.313              -2.950 clk 
Info (332146): Worst-case removal slack is -0.674
    Info (332119):     Slack       End Point TNS Clock 
    Info (332119): ========= =================== =====================
    Info (332119):    -0.674              -1.348 rst 
    Info (332119):    -0.185              -1.640 clk 
    Info (332119):     1.070               0.000 debounce:debounce_1|key_sec[0] 
Info (332146): Worst-case minimum pulse width slack is -3.000
    Info (332119):     Slack       End Point TNS Clock 
    Info (332119): ========= =================== =====================
    Info (332119):    -3.000             -33.866 clk 
    Info (332119):    -3.000             -12.474 rst 
    Info (332119):    -1.403              -1.403 debounce:debounce_1|key_sec[0] 
Info: Analyzing Slow 1200mV -40C Model
Info (334003): Started post-fitting delay annotation
Info (334004): Delay annotation completed successfully
Info (332123): Deriving Clock Uncertainty. Please refer to report_sdc in the Timing Analyzer to see clock uncertainties.
Critical Warning (332148): Timing requirements not met
Info (332146): Worst-case setup slack is -4.033
    Info (332119):     Slack       End Point TNS Clock 
    Info (332119): ========= =================== =====================
    Info (332119):    -4.033              -9.306 rst 
    Info (332119):    -2.604             -31.186 clk 
    Info (332119):    -1.532              -1.532 debounce:debounce_1|key_sec[0] 
Info (332146): Worst-case hold slack is -0.747
    Info (332119):     Slack       End Point TNS Clock 
    Info (332119): ========= =================== =====================
    Info (332119):    -0.747              -1.609 rst 
    Info (332119):     0.380               0.000 clk 
    Info (332119):     0.609               0.000 debounce:debounce_1|key_sec[0] 
Info (332146): Worst-case recovery slack is -2.472
    Info (332119):     Slack       End Point TNS Clock 
    Info (332119): ========= =================== =====================
    Info (332119):    -2.472              -2.472 debounce:debounce_1|key_sec[0] 
    Info (332119):    -2.096              -5.428 rst 
    Info (332119):    -0.224              -2.097 clk 
Info (332146): Worst-case removal slack is -0.490
    Info (332119):     Slack       End Point TNS Clock 
    Info (332119): ========= =================== =====================
    Info (332119):    -0.490              -0.980 rst 
    Info (332119):    -0.035              -0.100 clk 
    Info (332119):     0.996               0.000 debounce:debounce_1|key_sec[0] 
Info (332146): Worst-case minimum pulse width slack is -3.000
    Info (332119):     Slack       End Point TNS Clock 
    Info (332119): ========= =================== =====================
    Info (332119):    -3.000             -33.866 clk 
    Info (332119):    -3.000             -11.529 rst 
    Info (332119):    -1.403              -1.403 debounce:debounce_1|key_sec[0] 
Info: Analyzing Fast 1200mV -40C Model
Info (332123): Deriving Clock Uncertainty. Please refer to report_sdc in the Timing Analyzer to see clock uncertainties.
Critical Warning (332148): Timing requirements not met
Info (332146): Worst-case setup slack is -1.441
    Info (332119):     Slack       End Point TNS Clock 
    Info (332119): ========= =================== =====================
    Info (332119):    -1.441              -2.804 rst 
    Info (332119):    -0.667              -5.007 clk 
    Info (332119):    -0.087              -0.087 debounce:debounce_1|key_sec[0] 
Info (332146): Worst-case hold slack is -0.380
    Info (332119):     Slack       End Point TNS Clock 
    Info (332119): ========= =================== =====================
    Info (332119):    -0.380              -0.790 rst 
    Info (332119):     0.160               0.000 clk 
    Info (332119):     0.375               0.000 debounce:debounce_1|key_sec[0] 
Info (332146): Worst-case recovery slack is -0.547
    Info (332119):     Slack       End Point TNS Clock 
    Info (332119): ========= =================== =====================
    Info (332119):    -0.547              -0.547 debounce:debounce_1|key_sec[0] 
    Info (332119):    -0.231              -0.231 rst 
    Info (332119):    -0.020              -0.180 clk 
Info (332146): Worst-case removal slack is -0.348
    Info (332119):     Slack       End Point TNS Clock 
    Info (332119): ========= =================== =====================
    Info (332119):    -0.348              -0.696 rst 
    Info (332119):    -0.287              -4.418 clk 
    Info (332119):     0.574               0.000 debounce:debounce_1|key_sec[0] 
Info (332146): Worst-case minimum pulse width slack is -3.000
    Info (332119):     Slack       End Point TNS Clock 
    Info (332119): ========= =================== =====================
    Info (332119):    -3.000             -25.652 clk 
    Info (332119):    -3.000              -8.252 rst 
    Info (332119):    -1.000              -1.000 debounce:debounce_1|key_sec[0] 
Info (332102): Design is not fully constrained for setup requirements
Info (332102): Design is not fully constrained for hold requirements
Info: Quartus Prime Timing Analyzer was successful. 0 errors, 6 warnings
    Info: Peak virtual memory: 4884 megabytes
    Info: Processing ended: Mon Dec  2 17:34:47 2024
    Info: Elapsed time: 00:00:01
    Info: Total CPU time (on all processors): 00:00:01


